<?xml version="1.0" encoding="UTF-8"?>
<!-- Generated by org.testng.reporters.JUnitReportReporter -->
<testsuite hostname="DESKTOP-OCHAU49" name="com.att.test.SecureTest" tests="3" failures="0" timestamp="20 Apr 2021 16:56:07 GMT" time="41.086" errors="0">
  <testcase name="SecureTestT3" time="13.829" classname="com.att.test.SecureTest"/>
  <testcase name="SecureTestT" time="13.586" classname="com.att.test.SecureTest"/>
  <testcase name="SecureTestT2" time="13.671" classname="com.att.test.SecureTest"/>
</testsuite> <!-- com.att.test.SecureTest -->
